<?xml version="1.0" encoding="UTF-8"?>
<!-- Generated by org.testng.reporters.JUnitXMLReporter -->
<testsuite hostname="LAPTOP-RRO4KGR3" name="Application Login" tests="3" failures="0" timestamp="22 Feb 2020 15:18:53 GMT" time="0.032" errors="0">
  <testcase name="LOGIN" time="0.009" classname="suite1.applicationTest"/>
  <testcase name="PASSWORDCHANGE" time="0.002" classname="suite1.applicationTest"/>
  <testcase name="LOGOUT" time="0.002" classname="suite1.applicationTest"/>
</testsuite> <!-- Application Login -->
